<?xml version="1.0" encoding="UTF-8"?>
<testsuite xmlns:xsi="http://www.w3.org/2001/XMLSchema-instance" xsi:noNamespaceSchemaLocation="https://maven.apache.org/surefire/maven-surefire-plugin/xsd/surefire-test-report-3.0.xsd" version="3.0" name="TestStage5" time="0.391" tests="35" errors="0" skipped="0" failures="0">
  <properties>
    <property name="java.specification.version" value="17"/>
    <property name="sun.cpu.isalist" value="amd64"/>
    <property name="sun.jnu.encoding" value="Cp1252"/>
    <property name="java.class.path" value="C:\Users\tani\IdeaProjects\Yonasan_Diament_800509867\DataStructures\project\stage5\target\test-classes;C:\Users\tani\IdeaProjects\Yonasan_Diament_800509867\DataStructures\project\stage5\target\classes;C:\Users\tani\.m2\repository\org\junit\jupiter\junit-jupiter\5.9.2\junit-jupiter-5.9.2.jar;C:\Users\tani\.m2\repository\org\junit\jupiter\junit-jupiter-api\5.9.2\junit-jupiter-api-5.9.2.jar;C:\Users\tani\.m2\repository\org\opentest4j\opentest4j\1.2.0\opentest4j-1.2.0.jar;C:\Users\tani\.m2\repository\org\junit\platform\junit-platform-commons\1.9.2\junit-platform-commons-1.9.2.jar;C:\Users\tani\.m2\repository\org\apiguardian\apiguardian-api\1.1.2\apiguardian-api-1.1.2.jar;C:\Users\tani\.m2\repository\org\junit\jupiter\junit-jupiter-params\5.9.2\junit-jupiter-params-5.9.2.jar;C:\Users\tani\.m2\repository\org\junit\jupiter\junit-jupiter-engine\5.9.2\junit-jupiter-engine-5.9.2.jar;C:\Users\tani\.m2\repository\org\junit\platform\junit-platform-engine\1.9.2\junit-platform-engine-1.9.2.jar;C:\Users\tani\.m2\repository\com\google\code\gson\gson\2.10.1\gson-2.10.1.jar;C:\Users\tani\.m2\repository\jakarta\xml\bind\jakarta.xml.bind-api\4.0.0\jakarta.xml.bind-api-4.0.0.jar;C:\Users\tani\.m2\repository\jakarta\activation\jakarta.activation-api\2.1.0\jakarta.activation-api-2.1.0.jar;C:\Users\tani\.m2\repository\com\sun\xml\bind\jaxb-impl\4.0.2\jaxb-impl-4.0.2.jar;C:\Users\tani\.m2\repository\com\sun\xml\bind\jaxb-core\4.0.2\jaxb-core-4.0.2.jar;C:\Users\tani\.m2\repository\org\eclipse\angus\angus-activation\2.0.0\angus-activation-2.0.0.jar;"/>
    <property name="java.vm.vendor" value="Oracle Corporation"/>
    <property name="sun.arch.data.model" value="64"/>
    <property name="user.variant" value=""/>
    <property name="java.vendor.url" value="https://java.oracle.com/"/>
    <property name="user.timezone" value="America/New_York"/>
    <property name="os.name" value="Windows 11"/>
    <property name="java.vm.specification.version" value="17"/>
    <property name="sun.java.launcher" value="SUN_STANDARD"/>
    <property name="user.country" value="US"/>
    <property name="sun.boot.library.path" value="C:\packages\Java\jdk-17.0.3.1\bin"/>
    <property name="sun.java.command" value="C:\Users\tani\AppData\Local\Temp\surefire9227335812214331752\surefirebooter-20230525170144024_3.jar C:\Users\tani\AppData\Local\Temp\surefire9227335812214331752 2023-05-25T17-01-43_561-jvmRun1 surefire-20230525170144024_1tmp surefire_0-20230525170144024_2tmp"/>
    <property name="jdk.debug" value="release"/>
    <property name="surefire.test.class.path" value="C:\Users\tani\IdeaProjects\Yonasan_Diament_800509867\DataStructures\project\stage5\target\test-classes;C:\Users\tani\IdeaProjects\Yonasan_Diament_800509867\DataStructures\project\stage5\target\classes;C:\Users\tani\.m2\repository\org\junit\jupiter\junit-jupiter\5.9.2\junit-jupiter-5.9.2.jar;C:\Users\tani\.m2\repository\org\junit\jupiter\junit-jupiter-api\5.9.2\junit-jupiter-api-5.9.2.jar;C:\Users\tani\.m2\repository\org\opentest4j\opentest4j\1.2.0\opentest4j-1.2.0.jar;C:\Users\tani\.m2\repository\org\junit\platform\junit-platform-commons\1.9.2\junit-platform-commons-1.9.2.jar;C:\Users\tani\.m2\repository\org\apiguardian\apiguardian-api\1.1.2\apiguardian-api-1.1.2.jar;C:\Users\tani\.m2\repository\org\junit\jupiter\junit-jupiter-params\5.9.2\junit-jupiter-params-5.9.2.jar;C:\Users\tani\.m2\repository\org\junit\jupiter\junit-jupiter-engine\5.9.2\junit-jupiter-engine-5.9.2.jar;C:\Users\tani\.m2\repository\org\junit\platform\junit-platform-engine\1.9.2\junit-platform-engine-1.9.2.jar;C:\Users\tani\.m2\repository\com\google\code\gson\gson\2.10.1\gson-2.10.1.jar;C:\Users\tani\.m2\repository\jakarta\xml\bind\jakarta.xml.bind-api\4.0.0\jakarta.xml.bind-api-4.0.0.jar;C:\Users\tani\.m2\repository\jakarta\activation\jakarta.activation-api\2.1.0\jakarta.activation-api-2.1.0.jar;C:\Users\tani\.m2\repository\com\sun\xml\bind\jaxb-impl\4.0.2\jaxb-impl-4.0.2.jar;C:\Users\tani\.m2\repository\com\sun\xml\bind\jaxb-core\4.0.2\jaxb-core-4.0.2.jar;C:\Users\tani\.m2\repository\org\eclipse\angus\angus-activation\2.0.0\angus-activation-2.0.0.jar;"/>
    <property name="sun.cpu.endian" value="little"/>
    <property name="user.home" value="C:\Users\tani"/>
    <property name="user.language" value="en"/>
    <property name="java.specification.vendor" value="Oracle Corporation"/>
    <property name="java.version.date" value="2022-04-22"/>
    <property name="java.home" value="C:\packages\Java\jdk-17.0.3.1"/>
    <property name="file.separator" value="\"/>
    <property name="basedir" value="C:\Users\tani\IdeaProjects\Yonasan_Diament_800509867\DataStructures\project\stage5"/>
    <property name="java.vm.compressedOopsMode" value="Zero based"/>
    <property name="line.separator" value="&#10;"/>
    <property name="java.vm.specification.vendor" value="Oracle Corporation"/>
    <property name="java.specification.name" value="Java Platform API Specification"/>
    <property name="surefire.real.class.path" value="C:\Users\tani\AppData\Local\Temp\surefire9227335812214331752\surefirebooter-20230525170144024_3.jar"/>
    <property name="user.script" value=""/>
    <property name="sun.management.compiler" value="HotSpot 64-Bit Tiered Compilers"/>
    <property name="java.runtime.version" value="17.0.3.1+2-LTS-6"/>
    <property name="user.name" value="tani"/>
    <property name="path.separator" value=";"/>
    <property name="os.version" value="10.0"/>
    <property name="java.runtime.name" value="Java(TM) SE Runtime Environment"/>
    <property name="file.encoding" value="Cp1252"/>
    <property name="java.vm.name" value="Java HotSpot(TM) 64-Bit Server VM"/>
    <property name="localRepository" value="C:\Users\tani\.m2\repository"/>
    <property name="java.vendor.url.bug" value="https://bugreport.java.com/bugreport/"/>
    <property name="java.io.tmpdir" value="C:\Users\tani\AppData\Local\Temp\"/>
    <property name="java.version" value="17.0.3.1"/>
    <property name="user.dir" value="C:\Users\tani\IdeaProjects\Yonasan_Diament_800509867\DataStructures\project\stage5"/>
    <property name="os.arch" value="amd64"/>
    <property name="java.vm.specification.name" value="Java Virtual Machine Specification"/>
    <property name="sun.os.patch.level" value=""/>
    <property name="native.encoding" value="Cp1252"/>
    <property name="java.library.path" value="C:\packages\Java\jdk-17.0.3.1\bin;C:\WINDOWS\Sun\Java\bin;C:\WINDOWS\system32;C:\WINDOWS;C:\Program Files\Common Files\Oracle\Java\javapath;C:\Windows\system32;C:\Windows;C:\Windows\System32\Wbem;C:\Windows\System32\WindowsPowerShell\v1.0\;C:\Windows\System32\OpenSSH\;C:\Program Files\NVIDIA Corporation\NVIDIA NvDLISR;C:\WINDOWS\system32;C:\WINDOWS;C:\WINDOWS\System32\Wbem;C:\WINDOWS\System32\WindowsPowerShell\v1.0\;C:\WINDOWS\System32\OpenSSH\;C:\Program Files\dotnet\;C:\Program Files\Microsoft SQL Server\120\Tools\Binn\;C:\packages\Java\jdk-17.0.3.1;C:\packages\apache-maven-3.8.6-bin\apache-maven-3.8.6\bin;C:\Users\tani\Downloads\apache-maven-3.8.6-bin\apache-maven-3.8.6\bin;C:\Program Files (x86)\NVIDIA Corporation\PhysX\Common;C:\Program Files\Git\cmd;C:\Users\tani\AppData\Local\Programs\Python\Python311\Scripts\;C:\Users\tani\AppData\Local\Programs\Python\Python311\;C:\Users\tani\AppData\Local\Microsoft\WindowsApps;;C:\Program Files\JetBrains\IntelliJ IDEA Community Edition 2022.3.1\bin;;C:\Program Files\JetBrains\PyCharm Community Edition 2022.3.1\bin;;C:\Program Files\JetBrains\CLion 2022.3.1\bin;;C:\Program Files\JetBrains\IntelliJ IDEA 2022.3.2\bin;;C:\Program Files\JetBrains\PyCharm 2022.3.2\bin;;C:\Users\tani\AppData\Local\Programs\Microsoft VS Code\bin;C:\Program Files\JetBrains\WebStorm 2023.1\bin;;."/>
    <property name="java.vm.info" value="mixed mode, sharing"/>
    <property name="java.vendor" value="Oracle Corporation"/>
    <property name="java.vm.version" value="17.0.3.1+2-LTS-6"/>
    <property name="sun.io.unicode.encoding" value="UnicodeLittle"/>
    <property name="java.class.version" value="61.0"/>
  </properties>
  <testcase name="test6WordSearching" classname="TestStage5" time="0.111"/>
  <testcase name="DPMTEST" classname="TestStage5" time="0.048"/>
  <testcase name="test333" classname="TestStage5" time="0.003"/>
  <testcase name="stage5PushToDiskViaMaxDocCount" classname="TestStage5" time="0.017"/>
  <testcase name="stage3UndoByURIThatImpactsEarlierThanLast" classname="TestStage5" time="0.009"/>
  <testcase name="stage4TestMaxDocBytesViaSearch" classname="TestStage5" time="0.013"/>
  <testcase name="test7SearchAndDelete" classname="TestStage5" time="0.005"/>
  <testcase name="test3Tree" classname="TestStage5" time="0.002"/>
  <testcase name="deleteFiles" classname="TestStage5" time="0.004"/>
  <testcase name="test4MoreTree" classname="TestStage5" time="0.006"/>
  <testcase name="test55_Simple_DocumentStoreTest" classname="TestStage5" time="0.002"/>
  <testcase name="test10" classname="TestStage5" time="0.002"/>
  <testcase name="test12" classname="TestStage5" time="0.002"/>
  <testcase name="test23" classname="TestStage5" time="0.001"/>
  <testcase name="test33" classname="TestStage5" time="0.001"/>
  <testcase name="heapTst5_undo" classname="TestStage5" time="0.006"/>
  <testcase name="heapTst4_reheapify_method" classname="TestStage5" time="0.002"/>
  <testcase name="stage4TestUndoAfterMaxBytes" classname="TestStage5" time="0.026"/>
  <testcase name="test77CommandSetUndoing" classname="TestStage5" time="0.02"/>
  <testcase name="putNewVersion" classname="TestStage5" time="0.002"/>
  <testcase name="test1" classname="TestStage5" time="0.001"/>
  <testcase name="test5" classname="TestStage5" time="0.001"/>
  <testcase name="test9" classname="TestStage5" time="0.002"/>
  <testcase name="test8_Stack_test" classname="TestStage5" time="0.002"/>
  <testcase name="stage5PushToDiskViaMaxDocCountBringBackInViaDeleteAndSearch" classname="TestStage5" time="0.01"/>
  <testcase name="heapTst3_reheapify_method" classname="TestStage5" time="0.001"/>
  <testcase name="searcherrorprifix" classname="TestStage5" time="0.002"/>
  <testcase name="test2BasicTree" classname="TestStage5" time="0.007"/>
  <testcase name="stage3DeleteAllExists" classname="TestStage5" time="0.007"/>
  <testcase name="stage5PushToDiskViaMaxDocCountViaUndoDelete" classname="TestStage5" time="0.002"/>
  <testcase name="minHeaptest_1" classname="TestStage5" time="0.002"/>
  <testcase name="firstDStest1" classname="TestStage5" time="0.007"/>
  <testcase name="undoAfterMultiplePuts" classname="TestStage5" time="0.003"/>
  <testcase name="commandSetStorageDeletion" classname="TestStage5" time="0.006"/>
  <testcase name="BTreeTEst1" classname="TestStage5" time="0.022"/>
</testsuite>